  Building Custom Rule C:/Users/tzema/Documents/GitHub/NanoVM/NanoVM/CMakeLists.txt
  NanoVM.cpp
C:\Users\tzema\Documents\GitHub\NanoVM\NanoVM\NanoVM.cpp(233,4): warning C4477: 'printf' : format string '%llu' requires an argument of type 'unsigned __int64', but variadic argument 1 has type 'int'
C:\Users\tzema\Documents\GitHub\NanoVM\NanoVM\NanoVM.cpp(233,4): message : consider using '%u' in the format string
C:\Users\tzema\Documents\GitHub\NanoVM\NanoVM\NanoVM.cpp(233,4): message : consider using '%I32u' in the format string
C:\Users\tzema\Documents\GitHub\NanoVM\NanoVM\NanoVM.cpp(233,4): warning C4477: 'printf' : format string '%s' requires an argument of type 'char *', but variadic argument 1 has type 'void *'
C:\Users\tzema\Documents\GitHub\NanoVM\NanoVM\NanoVM.cpp(236,4): warning C4477: 'printf' : format string '%llu' requires an argument of type 'unsigned __int64', but variadic argument 1 has type 'int'
C:\Users\tzema\Documents\GitHub\NanoVM\NanoVM\NanoVM.cpp(236,4): message : consider using '%u' in the format string
C:\Users\tzema\Documents\GitHub\NanoVM\NanoVM\NanoVM.cpp(236,4): message : consider using '%I32u' in the format string
C:\Users\tzema\Documents\GitHub\NanoVM\NanoVM\NanoVM.cpp(236,4): warning C4477: 'printf' : format string '%s' requires an argument of type 'char *', but variadic argument 1 has type 'void *'
C:\Users\tzema\Documents\GitHub\NanoVM\NanoVM\NanoVM.cpp(241,4): warning C4477: 'printf' : format string '%llu' requires an argument of type 'unsigned __int64', but variadic argument 1 has type 'int'
C:\Users\tzema\Documents\GitHub\NanoVM\NanoVM\NanoVM.cpp(241,4): message : consider using '%u' in the format string
C:\Users\tzema\Documents\GitHub\NanoVM\NanoVM\NanoVM.cpp(241,4): message : consider using '%I32u' in the format string
C:\Users\tzema\Documents\GitHub\NanoVM\NanoVM\NanoVM.cpp(241,4): warning C4477: 'printf' : format string '%s' requires an argument of type 'char *', but variadic argument 1 has type 'void *'
C:\Users\tzema\Documents\GitHub\NanoVM\NanoVM\NanoVM.cpp(244,4): warning C4477: 'printf' : format string '%llu' requires an argument of type 'unsigned __int64', but variadic argument 1 has type 'int'
C:\Users\tzema\Documents\GitHub\NanoVM\NanoVM\NanoVM.cpp(244,4): message : consider using '%u' in the format string
C:\Users\tzema\Documents\GitHub\NanoVM\NanoVM\NanoVM.cpp(244,4): message : consider using '%I32u' in the format string
C:\Users\tzema\Documents\GitHub\NanoVM\NanoVM\NanoVM.cpp(244,4): warning C4477: 'printf' : format string '%s' requires an argument of type 'char *', but variadic argument 1 has type 'void *'
C:\Users\tzema\Documents\GitHub\NanoVM\NanoVM\NanoVM.cpp(249,4): warning C4477: 'printf' : format string '%llu' requires an argument of type 'unsigned __int64', but variadic argument 1 has type 'uint32_t'
C:\Users\tzema\Documents\GitHub\NanoVM\NanoVM\NanoVM.cpp(249,4): message : consider using '%u' in the format string
C:\Users\tzema\Documents\GitHub\NanoVM\NanoVM\NanoVM.cpp(249,4): message : consider using '%I32u' in the format string
C:\Users\tzema\Documents\GitHub\NanoVM\NanoVM\NanoVM.cpp(249,4): warning C4477: 'printf' : format string '%s' requires an argument of type 'char *', but variadic argument 1 has type 'void *'
C:\Users\tzema\Documents\GitHub\NanoVM\NanoVM\NanoVM.cpp(252,4): warning C4477: 'printf' : format string '%llu' requires an argument of type 'unsigned __int64', but variadic argument 1 has type 'uint32_t'
C:\Users\tzema\Documents\GitHub\NanoVM\NanoVM\NanoVM.cpp(252,4): message : consider using '%u' in the format string
C:\Users\tzema\Documents\GitHub\NanoVM\NanoVM\NanoVM.cpp(252,4): message : consider using '%I32u' in the format string
C:\Users\tzema\Documents\GitHub\NanoVM\NanoVM\NanoVM.cpp(252,4): warning C4477: 'printf' : format string '%s' requires an argument of type 'char *', but variadic argument 1 has type 'void *'
C:\Users\tzema\Documents\GitHub\NanoVM\NanoVM\NanoVM.cpp(256,3): warning C4477: 'printf' : format string '%s' requires an argument of type 'char *', but variadic argument 1 has type 'void *'
C:\Users\tzema\Documents\GitHub\NanoVM\NanoVM\NanoVM.cpp(256,3): warning C4477: 'printf' : format string '%c' requires an argument of type 'int', but variadic argument 1 has type 'uint64_t'
  NanoVM.vcxproj -> C:\Users\tzema\Documents\GitHub\NanoVM\NanoVM\Debug\NanoVM.dll
